[2025-12-24T17:24:24.119+0000] {local_task_job_runner.py:123} INFO - ::group::Pre task execution logs
[2025-12-24T17:24:24.130+0000] {taskinstance.py:2614} INFO - Dependencies all met for dep_context=non-requeueable deps ti=<TaskInstance: fraud_detection_training.cleanup_resources manual__2025-12-24T17:13:57.118888+00:00 [queued]>
[2025-12-24T17:24:24.134+0000] {taskinstance.py:2614} INFO - Dependencies all met for dep_context=requeueable deps ti=<TaskInstance: fraud_detection_training.cleanup_resources manual__2025-12-24T17:13:57.118888+00:00 [queued]>
[2025-12-24T17:24:24.134+0000] {taskinstance.py:2867} INFO - Starting attempt 4 of 4
[2025-12-24T17:24:24.139+0000] {taskinstance.py:2890} INFO - Executing <Task(BashOperator): cleanup_resources> on 2025-12-24 17:13:57.118888+00:00
[2025-12-24T17:24:24.142+0000] {warnings.py:112} WARNING - /home/***/.local/lib/python3.12/site-packages/***/task/task_runner/standard_task_runner.py:70: DeprecationWarning: This process (pid=1987) is multi-threaded, use of fork() may lead to deadlocks in the child.
  pid = os.fork()

[2025-12-24T17:24:24.143+0000] {standard_task_runner.py:72} INFO - Started process 1988 to run task
[2025-12-24T17:24:24.144+0000] {standard_task_runner.py:104} INFO - Running: ['***', 'tasks', 'run', 'fraud_detection_training', 'cleanup_resources', 'manual__2025-12-24T17:13:57.118888+00:00', '--job-id', '51', '--raw', '--subdir', 'DAGS_FOLDER/fraud_detection_training_dag.py', '--cfg-path', '/tmp/tmp9b5y8gq6']
[2025-12-24T17:24:24.145+0000] {standard_task_runner.py:105} INFO - Job 51: Subtask cleanup_resources
[2025-12-24T17:24:24.167+0000] {task_command.py:467} INFO - Running <TaskInstance: fraud_detection_training.cleanup_resources manual__2025-12-24T17:13:57.118888+00:00 [running]> on host 8266d6518042
[2025-12-24T17:24:24.208+0000] {taskinstance.py:3134} INFO - Exporting env vars: AIRFLOW_CTX_DAG_OWNER='chaukydang' AIRFLOW_CTX_DAG_ID='fraud_detection_training' AIRFLOW_CTX_TASK_ID='cleanup_resources' AIRFLOW_CTX_EXECUTION_DATE='2025-12-24T17:13:57.118888+00:00' AIRFLOW_CTX_TRY_NUMBER='4' AIRFLOW_CTX_DAG_RUN_ID='manual__2025-12-24T17:13:57.118888+00:00'
[2025-12-24T17:24:24.208+0000] {taskinstance.py:732} INFO - ::endgroup::
[2025-12-24T17:24:24.214+0000] {subprocess.py:78} INFO - Tmp dir root location: /tmp
[2025-12-24T17:24:24.215+0000] {subprocess.py:88} INFO - Running command: ['/usr/bin/bash', '-c', 'rm -f /app/tmp/*.pkl']
[2025-12-24T17:24:24.219+0000] {subprocess.py:99} INFO - Output:
[2025-12-24T17:24:24.221+0000] {subprocess.py:110} INFO - Command exited with return code 0
[2025-12-24T17:24:24.233+0000] {taskinstance.py:341} INFO - ::group::Post task execution logs
[2025-12-24T17:24:24.234+0000] {taskinstance.py:353} INFO - Marking task as SUCCESS. dag_id=fraud_detection_training, task_id=cleanup_resources, run_id=manual__2025-12-24T17:13:57.118888+00:00, execution_date=20251224T171357, start_date=20251224T172424, end_date=20251224T172424
[2025-12-24T17:24:24.285+0000] {local_task_job_runner.py:266} INFO - Task exited with return code 0
[2025-12-24T17:24:24.293+0000] {taskinstance.py:3901} INFO - 0 downstream tasks scheduled from follow-on schedule check
[2025-12-24T17:24:24.294+0000] {local_task_job_runner.py:245} INFO - ::endgroup::
