[2025-12-27T05:24:51.917+0000] {local_task_job_runner.py:123} INFO - ::group::Pre task execution logs
[2025-12-27T05:24:51.927+0000] {taskinstance.py:2614} INFO - Dependencies all met for dep_context=non-requeueable deps ti=<TaskInstance: fraud_detection_training.execute_training manual__2025-12-27T05:24:50.396685+00:00 [queued]>
[2025-12-27T05:24:51.931+0000] {taskinstance.py:2614} INFO - Dependencies all met for dep_context=requeueable deps ti=<TaskInstance: fraud_detection_training.execute_training manual__2025-12-27T05:24:50.396685+00:00 [queued]>
[2025-12-27T05:24:51.931+0000] {taskinstance.py:2867} INFO - Starting attempt 1 of 1
[2025-12-27T05:24:51.936+0000] {taskinstance.py:2890} INFO - Executing <Task(PythonOperator): execute_training> on 2025-12-27 05:24:50.396685+00:00
[2025-12-27T05:24:51.939+0000] {warnings.py:112} WARNING - /home/***/.local/lib/python3.12/site-packages/***/task/task_runner/standard_task_runner.py:70: DeprecationWarning: This process (pid=113) is multi-threaded, use of fork() may lead to deadlocks in the child.
  pid = os.fork()

[2025-12-27T05:24:51.940+0000] {standard_task_runner.py:72} INFO - Started process 114 to run task
[2025-12-27T05:24:51.940+0000] {standard_task_runner.py:104} INFO - Running: ['***', 'tasks', 'run', 'fraud_detection_training', 'execute_training', 'manual__2025-12-27T05:24:50.396685+00:00', '--job-id', '89', '--raw', '--subdir', 'DAGS_FOLDER/fraud_detection_training_dag.py', '--cfg-path', '/tmp/tmpinbfab32']
[2025-12-27T05:24:51.941+0000] {standard_task_runner.py:105} INFO - Job 89: Subtask execute_training
[2025-12-27T05:24:51.964+0000] {task_command.py:467} INFO - Running <TaskInstance: fraud_detection_training.execute_training manual__2025-12-27T05:24:50.396685+00:00 [running]> on host 52e810676b31
[2025-12-27T05:24:51.999+0000] {taskinstance.py:3134} INFO - Exporting env vars: AIRFLOW_CTX_DAG_OWNER='chaukydang' AIRFLOW_CTX_DAG_ID='fraud_detection_training' AIRFLOW_CTX_TASK_ID='execute_training' AIRFLOW_CTX_EXECUTION_DATE='2025-12-27T05:24:50.396685+00:00' AIRFLOW_CTX_TRY_NUMBER='1' AIRFLOW_CTX_DAG_RUN_ID='manual__2025-12-27T05:24:50.396685+00:00'
[2025-12-27T05:24:52.000+0000] {taskinstance.py:732} INFO - ::endgroup::
[2025-12-27T05:24:54.027+0000] {fraud_detection_training_dag.py:36} INFO - Initializing fraud detection training
[2025-12-27T05:24:54.028+0000] {python.py:240} INFO - Done. Returned value was: {'status': 'success'}
[2025-12-27T05:24:54.040+0000] {taskinstance.py:341} INFO - ::group::Post task execution logs
[2025-12-27T05:24:54.041+0000] {taskinstance.py:353} INFO - Marking task as SUCCESS. dag_id=fraud_detection_training, task_id=execute_training, run_id=manual__2025-12-27T05:24:50.396685+00:00, execution_date=20251227T052450, start_date=20251227T052451, end_date=20251227T052454
[2025-12-27T05:24:54.089+0000] {local_task_job_runner.py:266} INFO - Task exited with return code 0
[2025-12-27T05:24:54.100+0000] {taskinstance.py:3901} INFO - 1 downstream tasks scheduled from follow-on schedule check
[2025-12-27T05:24:54.101+0000] {local_task_job_runner.py:245} INFO - ::endgroup::
