[2025-12-21T15:17:38.325+0000] {manager.py:483} INFO - Processing files using up to 2 processes at a time 
[2025-12-21T15:17:38.325+0000] {manager.py:484} INFO - Process each file at most once every 30 seconds
[2025-12-21T15:17:38.326+0000] {manager.py:485} INFO - Checking for new files in /opt/airflow/dags every 300 seconds
[2025-12-21T15:17:38.327+0000] {manager.py:821} INFO - Searching for files in /opt/airflow/dags
[2025-12-21T15:17:38.328+0000] {manager.py:824} INFO - There are 0 files in /opt/airflow/dags
[2025-12-21T15:21:42.264+0000] {manager.py:465} INFO - Exiting gracefully upon receiving signal 15
[2025-12-21T15:22:03.528+0000] {manager.py:483} INFO - Processing files using up to 2 processes at a time 
[2025-12-21T15:22:03.529+0000] {manager.py:484} INFO - Process each file at most once every 30 seconds
[2025-12-21T15:22:03.529+0000] {manager.py:485} INFO - Checking for new files in /opt/airflow/dags every 300 seconds
[2025-12-21T15:22:03.530+0000] {manager.py:821} INFO - Searching for files in /opt/airflow/dags
[2025-12-21T15:22:03.531+0000] {manager.py:824} INFO - There are 0 files in /opt/airflow/dags
[2025-12-21T15:27:03.644+0000] {manager.py:821} INFO - Searching for files in /opt/airflow/dags
[2025-12-21T15:27:03.647+0000] {manager.py:824} INFO - There are 0 files in /opt/airflow/dags
[2025-12-21T15:45:21.736+0000] {manager.py:821} INFO - Searching for files in /opt/airflow/dags
[2025-12-21T15:45:21.741+0000] {manager.py:824} INFO - There are 0 files in /opt/airflow/dags
[2025-12-21T16:02:17.634+0000] {manager.py:821} INFO - Searching for files in /opt/airflow/dags
[2025-12-21T16:02:17.637+0000] {manager.py:824} INFO - There are 0 files in /opt/airflow/dags
[2025-12-21T16:18:45.385+0000] {manager.py:821} INFO - Searching for files in /opt/airflow/dags
[2025-12-21T16:18:45.390+0000] {manager.py:824} INFO - There are 0 files in /opt/airflow/dags
[2025-12-21T16:35:59.891+0000] {manager.py:821} INFO - Searching for files in /opt/airflow/dags
[2025-12-21T16:35:59.894+0000] {manager.py:824} INFO - There are 0 files in /opt/airflow/dags
[2025-12-21T16:47:01.739+0000] {manager.py:821} INFO - Searching for files in /opt/airflow/dags
[2025-12-21T16:47:01.743+0000] {manager.py:824} INFO - There are 0 files in /opt/airflow/dags
[2025-12-21T17:44:39.191+0000] {manager.py:821} INFO - Searching for files in /opt/airflow/dags
[2025-12-21T17:44:39.193+0000] {manager.py:824} INFO - There are 0 files in /opt/airflow/dags
[2025-12-21T18:15:55.702+0000] {manager.py:821} INFO - Searching for files in /opt/airflow/dags
[2025-12-21T18:15:55.706+0000] {manager.py:824} INFO - There are 0 files in /opt/airflow/dags
[2025-12-21T19:04:36.706+0000] {manager.py:821} INFO - Searching for files in /opt/airflow/dags
[2025-12-21T19:04:36.708+0000] {manager.py:824} INFO - There are 0 files in /opt/airflow/dags
[2025-12-21T20:18:41.698+0000] {manager.py:821} INFO - Searching for files in /opt/airflow/dags
[2025-12-21T20:18:41.702+0000] {manager.py:824} INFO - There are 0 files in /opt/airflow/dags
[2025-12-21T21:41:51.561+0000] {manager.py:821} INFO - Searching for files in /opt/airflow/dags
[2025-12-21T21:41:51.601+0000] {manager.py:824} INFO - There are 0 files in /opt/airflow/dags
[2025-12-21T23:17:11.997+0000] {manager.py:821} INFO - Searching for files in /opt/airflow/dags
[2025-12-21T23:17:12.000+0000] {manager.py:824} INFO - There are 0 files in /opt/airflow/dags
[2025-12-22T00:32:11.196+0000] {manager.py:821} INFO - Searching for files in /opt/airflow/dags
[2025-12-22T00:32:11.199+0000] {manager.py:824} INFO - There are 0 files in /opt/airflow/dags
[2025-12-22T01:45:04.751+0000] {manager.py:821} INFO - Searching for files in /opt/airflow/dags
[2025-12-22T01:45:04.753+0000] {manager.py:824} INFO - There are 0 files in /opt/airflow/dags
[2025-12-22T02:55:59.157+0000] {manager.py:821} INFO - Searching for files in /opt/airflow/dags
[2025-12-22T02:55:59.159+0000] {manager.py:824} INFO - There are 0 files in /opt/airflow/dags
[2025-12-22T02:56:07.850+0000] {manager.py:465} INFO - Exiting gracefully upon receiving signal 15
[2025-12-22T08:58:25.058+0000] {manager.py:483} INFO - Processing files using up to 2 processes at a time 
[2025-12-22T08:58:25.059+0000] {manager.py:484} INFO - Process each file at most once every 30 seconds
[2025-12-22T08:58:25.059+0000] {manager.py:485} INFO - Checking for new files in /opt/airflow/dags every 300 seconds
[2025-12-22T08:58:25.061+0000] {manager.py:821} INFO - Searching for files in /opt/airflow/dags
[2025-12-22T08:58:25.066+0000] {manager.py:824} INFO - There are 0 files in /opt/airflow/dags
[2025-12-22T08:58:29.309+0000] {manager.py:465} INFO - Exiting gracefully upon receiving signal 15
[2025-12-22T08:58:36.735+0000] {manager.py:483} INFO - Processing files using up to 2 processes at a time 
[2025-12-22T08:58:36.736+0000] {manager.py:484} INFO - Process each file at most once every 30 seconds
[2025-12-22T08:58:36.736+0000] {manager.py:485} INFO - Checking for new files in /opt/airflow/dags every 300 seconds
[2025-12-22T08:58:36.736+0000] {manager.py:821} INFO - Searching for files in /opt/airflow/dags
[2025-12-22T08:58:36.737+0000] {manager.py:824} INFO - There are 0 files in /opt/airflow/dags
[2025-12-22T09:03:37.115+0000] {manager.py:821} INFO - Searching for files in /opt/airflow/dags
[2025-12-22T09:03:37.119+0000] {manager.py:824} INFO - There are 0 files in /opt/airflow/dags
[2025-12-22T09:08:37.646+0000] {manager.py:821} INFO - Searching for files in /opt/airflow/dags
[2025-12-22T09:08:37.651+0000] {manager.py:824} INFO - There are 0 files in /opt/airflow/dags
[2025-12-22T09:13:38.095+0000] {manager.py:821} INFO - Searching for files in /opt/airflow/dags
[2025-12-22T09:13:38.099+0000] {manager.py:824} INFO - There are 0 files in /opt/airflow/dags
[2025-12-22T09:18:38.557+0000] {manager.py:821} INFO - Searching for files in /opt/airflow/dags
[2025-12-22T09:18:38.563+0000] {manager.py:824} INFO - There are 0 files in /opt/airflow/dags
[2025-12-22T09:23:39.037+0000] {manager.py:821} INFO - Searching for files in /opt/airflow/dags
[2025-12-22T09:23:39.043+0000] {manager.py:824} INFO - There are 0 files in /opt/airflow/dags
[2025-12-22T09:25:21.147+0000] {manager.py:483} INFO - Processing files using up to 2 processes at a time 
[2025-12-22T09:25:21.147+0000] {manager.py:484} INFO - Process each file at most once every 30 seconds
[2025-12-22T09:25:21.147+0000] {manager.py:485} INFO - Checking for new files in /opt/airflow/dags every 300 seconds
[2025-12-22T09:25:21.147+0000] {manager.py:821} INFO - Searching for files in /opt/airflow/dags
[2025-12-22T09:25:21.148+0000] {manager.py:824} INFO - There are 0 files in /opt/airflow/dags
[2025-12-22T09:28:48.068+0000] {manager.py:465} INFO - Exiting gracefully upon receiving signal 15
[2025-12-22T09:29:46.204+0000] {manager.py:483} INFO - Processing files using up to 2 processes at a time 
[2025-12-22T09:29:46.204+0000] {manager.py:484} INFO - Process each file at most once every 30 seconds
[2025-12-22T09:29:46.204+0000] {manager.py:485} INFO - Checking for new files in /opt/airflow/dags every 300 seconds
[2025-12-22T09:29:46.204+0000] {manager.py:821} INFO - Searching for files in /opt/airflow/dags
[2025-12-22T09:29:46.205+0000] {manager.py:824} INFO - There are 0 files in /opt/airflow/dags
[2025-12-22T09:34:46.690+0000] {manager.py:821} INFO - Searching for files in /opt/airflow/dags
[2025-12-22T09:34:46.696+0000] {manager.py:824} INFO - There are 0 files in /opt/airflow/dags
[2025-12-22T09:35:35.254+0000] {manager.py:465} INFO - Exiting gracefully upon receiving signal 15
[2025-12-22T09:36:42.873+0000] {manager.py:483} INFO - Processing files using up to 2 processes at a time 
[2025-12-22T09:36:42.873+0000] {manager.py:484} INFO - Process each file at most once every 30 seconds
[2025-12-22T09:36:42.874+0000] {manager.py:485} INFO - Checking for new files in /opt/airflow/dags every 300 seconds
[2025-12-22T09:36:42.874+0000] {manager.py:821} INFO - Searching for files in /opt/airflow/dags
[2025-12-22T09:36:42.875+0000] {manager.py:824} INFO - There are 0 files in /opt/airflow/dags
[2025-12-22T09:41:43.372+0000] {manager.py:821} INFO - Searching for files in /opt/airflow/dags
[2025-12-22T09:41:43.376+0000] {manager.py:824} INFO - There are 0 files in /opt/airflow/dags
[2025-12-22T09:44:01.111+0000] {manager.py:465} INFO - Exiting gracefully upon receiving signal 15
[2025-12-22T09:46:12.092+0000] {manager.py:483} INFO - Processing files using up to 2 processes at a time 
[2025-12-22T09:46:12.092+0000] {manager.py:484} INFO - Process each file at most once every 30 seconds
[2025-12-22T09:46:12.092+0000] {manager.py:485} INFO - Checking for new files in /opt/airflow/dags every 300 seconds
[2025-12-22T09:46:12.093+0000] {manager.py:821} INFO - Searching for files in /opt/airflow/dags
[2025-12-22T09:46:12.093+0000] {manager.py:824} INFO - There are 0 files in /opt/airflow/dags
[2025-12-22T09:51:12.507+0000] {manager.py:821} INFO - Searching for files in /opt/airflow/dags
[2025-12-22T09:51:12.512+0000] {manager.py:824} INFO - There are 0 files in /opt/airflow/dags
[2025-12-22T09:54:28.246+0000] {manager.py:465} INFO - Exiting gracefully upon receiving signal 15
[2025-12-22T09:55:14.663+0000] {manager.py:483} INFO - Processing files using up to 2 processes at a time 
[2025-12-22T09:55:14.664+0000] {manager.py:484} INFO - Process each file at most once every 30 seconds
[2025-12-22T09:55:14.664+0000] {manager.py:485} INFO - Checking for new files in /opt/airflow/dags every 300 seconds
[2025-12-22T09:55:14.664+0000] {manager.py:821} INFO - Searching for files in /opt/airflow/dags
[2025-12-22T09:55:14.665+0000] {manager.py:824} INFO - There are 0 files in /opt/airflow/dags
[2025-12-22T09:59:35.774+0000] {manager.py:465} INFO - Exiting gracefully upon receiving signal 15
[2025-12-22T10:00:59.151+0000] {manager.py:483} INFO - Processing files using up to 2 processes at a time 
[2025-12-22T10:00:59.151+0000] {manager.py:484} INFO - Process each file at most once every 30 seconds
[2025-12-22T10:00:59.152+0000] {manager.py:485} INFO - Checking for new files in /opt/airflow/dags every 300 seconds
[2025-12-22T10:00:59.152+0000] {manager.py:821} INFO - Searching for files in /opt/airflow/dags
[2025-12-22T10:00:59.153+0000] {manager.py:824} INFO - There are 0 files in /opt/airflow/dags
[2025-12-22T10:03:56.273+0000] {manager.py:465} INFO - Exiting gracefully upon receiving signal 15
[2025-12-22T10:07:54.954+0000] {manager.py:483} INFO - Processing files using up to 2 processes at a time 
[2025-12-22T10:07:54.954+0000] {manager.py:484} INFO - Process each file at most once every 30 seconds
[2025-12-22T10:07:54.955+0000] {manager.py:485} INFO - Checking for new files in /opt/airflow/dags every 300 seconds
[2025-12-22T10:07:54.955+0000] {manager.py:821} INFO - Searching for files in /opt/airflow/dags
[2025-12-22T10:07:54.955+0000] {manager.py:824} INFO - There are 0 files in /opt/airflow/dags
[2025-12-22T10:12:15.074+0000] {manager.py:465} INFO - Exiting gracefully upon receiving signal 15
[2025-12-22T10:13:02.303+0000] {manager.py:483} INFO - Processing files using up to 2 processes at a time 
[2025-12-22T10:13:02.304+0000] {manager.py:484} INFO - Process each file at most once every 30 seconds
[2025-12-22T10:13:02.304+0000] {manager.py:485} INFO - Checking for new files in /opt/airflow/dags every 300 seconds
[2025-12-22T10:13:02.304+0000] {manager.py:821} INFO - Searching for files in /opt/airflow/dags
[2025-12-22T10:13:02.305+0000] {manager.py:824} INFO - There are 0 files in /opt/airflow/dags
[2025-12-22T10:13:33.372+0000] {manager.py:465} INFO - Exiting gracefully upon receiving signal 15
[2025-12-22T10:14:19.157+0000] {manager.py:483} INFO - Processing files using up to 2 processes at a time 
[2025-12-22T10:14:19.157+0000] {manager.py:484} INFO - Process each file at most once every 30 seconds
[2025-12-22T10:14:19.157+0000] {manager.py:485} INFO - Checking for new files in /opt/airflow/dags every 300 seconds
[2025-12-22T10:14:19.157+0000] {manager.py:821} INFO - Searching for files in /opt/airflow/dags
[2025-12-22T10:14:19.158+0000] {manager.py:824} INFO - There are 0 files in /opt/airflow/dags
[2025-12-22T10:16:17.288+0000] {manager.py:465} INFO - Exiting gracefully upon receiving signal 15
[2025-12-22T10:17:25.872+0000] {manager.py:483} INFO - Processing files using up to 2 processes at a time 
[2025-12-22T10:17:25.873+0000] {manager.py:484} INFO - Process each file at most once every 30 seconds
[2025-12-22T10:17:25.874+0000] {manager.py:485} INFO - Checking for new files in /opt/airflow/dags every 300 seconds
[2025-12-22T10:17:25.875+0000] {manager.py:821} INFO - Searching for files in /opt/airflow/dags
[2025-12-22T10:17:25.878+0000] {manager.py:824} INFO - There are 0 files in /opt/airflow/dags
[2025-12-22T10:18:44.682+0000] {manager.py:465} INFO - Exiting gracefully upon receiving signal 15
[2025-12-22T10:20:17.840+0000] {manager.py:483} INFO - Processing files using up to 2 processes at a time 
[2025-12-22T10:20:17.840+0000] {manager.py:484} INFO - Process each file at most once every 30 seconds
[2025-12-22T10:20:17.840+0000] {manager.py:485} INFO - Checking for new files in /opt/airflow/dags every 300 seconds
[2025-12-22T10:20:17.841+0000] {manager.py:821} INFO - Searching for files in /opt/airflow/dags
[2025-12-22T10:20:17.842+0000] {manager.py:824} INFO - There are 0 files in /opt/airflow/dags
[2025-12-22T10:20:58.085+0000] {manager.py:465} INFO - Exiting gracefully upon receiving signal 15
[2025-12-22T12:28:11.441+0000] {manager.py:483} INFO - Processing files using up to 2 processes at a time 
[2025-12-22T12:28:11.441+0000] {manager.py:484} INFO - Process each file at most once every 30 seconds
[2025-12-22T12:28:11.442+0000] {manager.py:485} INFO - Checking for new files in /opt/airflow/dags every 300 seconds
[2025-12-22T12:28:11.442+0000] {manager.py:821} INFO - Searching for files in /opt/airflow/dags
[2025-12-22T12:28:11.444+0000] {manager.py:824} INFO - There are 0 files in /opt/airflow/dags
[2025-12-22T12:33:11.740+0000] {manager.py:821} INFO - Searching for files in /opt/airflow/dags
[2025-12-22T12:33:11.747+0000] {manager.py:824} INFO - There are 0 files in /opt/airflow/dags
[2025-12-22T12:38:12.316+0000] {manager.py:821} INFO - Searching for files in /opt/airflow/dags
[2025-12-22T12:38:12.322+0000] {manager.py:824} INFO - There are 0 files in /opt/airflow/dags
[2025-12-22T12:57:28.533+0000] {manager.py:821} INFO - Searching for files in /opt/airflow/dags
[2025-12-22T12:57:28.538+0000] {manager.py:824} INFO - There are 0 files in /opt/airflow/dags
[2025-12-22T13:02:29.135+0000] {manager.py:821} INFO - Searching for files in /opt/airflow/dags
[2025-12-22T13:02:29.139+0000] {manager.py:824} INFO - There are 0 files in /opt/airflow/dags
[2025-12-22T13:07:29.811+0000] {manager.py:821} INFO - Searching for files in /opt/airflow/dags
[2025-12-22T13:07:29.814+0000] {manager.py:824} INFO - There are 0 files in /opt/airflow/dags
[2025-12-22T13:12:30.295+0000] {manager.py:821} INFO - Searching for files in /opt/airflow/dags
[2025-12-22T13:12:30.298+0000] {manager.py:824} INFO - There are 0 files in /opt/airflow/dags
[2025-12-22T13:17:30.309+0000] {manager.py:821} INFO - Searching for files in /opt/airflow/dags
[2025-12-22T13:17:30.313+0000] {manager.py:824} INFO - There are 0 files in /opt/airflow/dags
[2025-12-22T13:22:30.384+0000] {manager.py:821} INFO - Searching for files in /opt/airflow/dags
[2025-12-22T13:22:30.388+0000] {manager.py:824} INFO - There are 0 files in /opt/airflow/dags
[2025-12-22T13:27:31.318+0000] {manager.py:821} INFO - Searching for files in /opt/airflow/dags
[2025-12-22T13:27:31.325+0000] {manager.py:824} INFO - There are 0 files in /opt/airflow/dags
[2025-12-22T13:32:31.819+0000] {manager.py:821} INFO - Searching for files in /opt/airflow/dags
[2025-12-22T13:32:31.823+0000] {manager.py:824} INFO - There are 0 files in /opt/airflow/dags
[2025-12-22T13:37:32.357+0000] {manager.py:821} INFO - Searching for files in /opt/airflow/dags
[2025-12-22T13:37:32.359+0000] {manager.py:824} INFO - There are 0 files in /opt/airflow/dags
[2025-12-22T13:42:33.031+0000] {manager.py:821} INFO - Searching for files in /opt/airflow/dags
[2025-12-22T13:42:33.036+0000] {manager.py:824} INFO - There are 0 files in /opt/airflow/dags
[2025-12-22T13:47:33.661+0000] {manager.py:821} INFO - Searching for files in /opt/airflow/dags
[2025-12-22T13:47:33.666+0000] {manager.py:824} INFO - There are 0 files in /opt/airflow/dags
[2025-12-22T13:47:51.392+0000] {manager.py:465} INFO - Exiting gracefully upon receiving signal 15
[2025-12-22T13:48:20.757+0000] {manager.py:483} INFO - Processing files using up to 2 processes at a time 
[2025-12-22T13:48:20.757+0000] {manager.py:484} INFO - Process each file at most once every 30 seconds
[2025-12-22T13:48:20.757+0000] {manager.py:485} INFO - Checking for new files in /opt/airflow/dags every 300 seconds
[2025-12-22T13:48:20.757+0000] {manager.py:821} INFO - Searching for files in /opt/airflow/dags
[2025-12-22T13:48:20.758+0000] {manager.py:824} INFO - There are 0 files in /opt/airflow/dags
[2025-12-22T13:53:21.100+0000] {manager.py:821} INFO - Searching for files in /opt/airflow/dags
[2025-12-22T13:53:21.106+0000] {manager.py:824} INFO - There are 0 files in /opt/airflow/dags
[2025-12-22T13:58:21.596+0000] {manager.py:821} INFO - Searching for files in /opt/airflow/dags
[2025-12-22T13:58:21.600+0000] {manager.py:824} INFO - There are 0 files in /opt/airflow/dags
[2025-12-22T14:03:22.518+0000] {manager.py:821} INFO - Searching for files in /opt/airflow/dags
[2025-12-22T14:03:22.524+0000] {manager.py:824} INFO - There are 0 files in /opt/airflow/dags
[2025-12-22T14:08:23.345+0000] {manager.py:821} INFO - Searching for files in /opt/airflow/dags
[2025-12-22T14:08:23.352+0000] {manager.py:824} INFO - There are 0 files in /opt/airflow/dags
[2025-12-22T14:13:23.983+0000] {manager.py:821} INFO - Searching for files in /opt/airflow/dags
[2025-12-22T14:13:23.989+0000] {manager.py:824} INFO - There are 0 files in /opt/airflow/dags
[2025-12-22T14:18:24.519+0000] {manager.py:821} INFO - Searching for files in /opt/airflow/dags
[2025-12-22T14:18:24.525+0000] {manager.py:824} INFO - There are 0 files in /opt/airflow/dags
[2025-12-22T14:23:24.987+0000] {manager.py:821} INFO - Searching for files in /opt/airflow/dags
[2025-12-22T14:23:24.991+0000] {manager.py:824} INFO - There are 0 files in /opt/airflow/dags
[2025-12-22T14:28:25.682+0000] {manager.py:821} INFO - Searching for files in /opt/airflow/dags
[2025-12-22T14:28:25.688+0000] {manager.py:824} INFO - There are 0 files in /opt/airflow/dags
[2025-12-22T14:33:26.489+0000] {manager.py:821} INFO - Searching for files in /opt/airflow/dags
[2025-12-22T14:33:26.494+0000] {manager.py:824} INFO - There are 0 files in /opt/airflow/dags
[2025-12-22T14:38:27.389+0000] {manager.py:821} INFO - Searching for files in /opt/airflow/dags
[2025-12-22T14:38:27.394+0000] {manager.py:824} INFO - There are 0 files in /opt/airflow/dags
[2025-12-22T14:43:28.085+0000] {manager.py:821} INFO - Searching for files in /opt/airflow/dags
[2025-12-22T14:43:28.091+0000] {manager.py:824} INFO - There are 0 files in /opt/airflow/dags
[2025-12-22T14:48:28.601+0000] {manager.py:821} INFO - Searching for files in /opt/airflow/dags
[2025-12-22T14:48:28.606+0000] {manager.py:824} INFO - There are 0 files in /opt/airflow/dags
[2025-12-22T14:53:29.155+0000] {manager.py:821} INFO - Searching for files in /opt/airflow/dags
[2025-12-22T14:53:29.162+0000] {manager.py:824} INFO - There are 0 files in /opt/airflow/dags
[2025-12-22T14:58:30.082+0000] {manager.py:821} INFO - Searching for files in /opt/airflow/dags
[2025-12-22T14:58:30.085+0000] {manager.py:824} INFO - There are 0 files in /opt/airflow/dags
[2025-12-22T15:03:30.874+0000] {manager.py:821} INFO - Searching for files in /opt/airflow/dags
[2025-12-22T15:03:30.881+0000] {manager.py:824} INFO - There are 0 files in /opt/airflow/dags
[2025-12-22T15:08:31.317+0000] {manager.py:821} INFO - Searching for files in /opt/airflow/dags
[2025-12-22T15:08:31.321+0000] {manager.py:824} INFO - There are 0 files in /opt/airflow/dags
[2025-12-22T15:13:31.607+0000] {manager.py:821} INFO - Searching for files in /opt/airflow/dags
[2025-12-22T15:13:31.611+0000] {manager.py:824} INFO - There are 0 files in /opt/airflow/dags
[2025-12-22T15:18:32.431+0000] {manager.py:821} INFO - Searching for files in /opt/airflow/dags
[2025-12-22T15:18:32.436+0000] {manager.py:824} INFO - There are 0 files in /opt/airflow/dags
[2025-12-22T15:23:33.043+0000] {manager.py:821} INFO - Searching for files in /opt/airflow/dags
[2025-12-22T15:23:33.048+0000] {manager.py:824} INFO - There are 0 files in /opt/airflow/dags
[2025-12-22T15:28:33.544+0000] {manager.py:821} INFO - Searching for files in /opt/airflow/dags
[2025-12-22T15:28:33.551+0000] {manager.py:824} INFO - There are 0 files in /opt/airflow/dags
[2025-12-22T15:33:34.313+0000] {manager.py:821} INFO - Searching for files in /opt/airflow/dags
[2025-12-22T15:33:34.319+0000] {manager.py:824} INFO - There are 0 files in /opt/airflow/dags
[2025-12-22T15:38:34.781+0000] {manager.py:821} INFO - Searching for files in /opt/airflow/dags
[2025-12-22T15:38:34.791+0000] {manager.py:824} INFO - There are 0 files in /opt/airflow/dags
[2025-12-22T15:43:35.408+0000] {manager.py:821} INFO - Searching for files in /opt/airflow/dags
[2025-12-22T15:43:35.415+0000] {manager.py:824} INFO - There are 0 files in /opt/airflow/dags
[2025-12-22T15:48:36.351+0000] {manager.py:821} INFO - Searching for files in /opt/airflow/dags
[2025-12-22T15:48:36.356+0000] {manager.py:824} INFO - There are 0 files in /opt/airflow/dags
[2025-12-22T15:53:37.185+0000] {manager.py:821} INFO - Searching for files in /opt/airflow/dags
[2025-12-22T15:53:37.187+0000] {manager.py:824} INFO - There are 0 files in /opt/airflow/dags
[2025-12-22T15:58:38.008+0000] {manager.py:821} INFO - Searching for files in /opt/airflow/dags
[2025-12-22T15:58:38.012+0000] {manager.py:824} INFO - There are 0 files in /opt/airflow/dags
[2025-12-22T16:03:38.909+0000] {manager.py:821} INFO - Searching for files in /opt/airflow/dags
[2025-12-22T16:03:38.913+0000] {manager.py:824} INFO - There are 0 files in /opt/airflow/dags
[2025-12-22T16:04:42.348+0000] {manager.py:465} INFO - Exiting gracefully upon receiving signal 15
[2025-12-23T09:32:45.971+0000] {manager.py:483} INFO - Processing files using up to 2 processes at a time 
[2025-12-23T09:32:45.977+0000] {manager.py:484} INFO - Process each file at most once every 30 seconds
[2025-12-23T09:32:45.978+0000] {manager.py:485} INFO - Checking for new files in /opt/airflow/dags every 300 seconds
[2025-12-23T09:32:45.979+0000] {manager.py:821} INFO - Searching for files in /opt/airflow/dags
[2025-12-23T09:32:45.988+0000] {manager.py:824} INFO - There are 0 files in /opt/airflow/dags
[2025-12-23T09:37:46.535+0000] {manager.py:821} INFO - Searching for files in /opt/airflow/dags
[2025-12-23T09:37:46.553+0000] {manager.py:824} INFO - There are 0 files in /opt/airflow/dags
[2025-12-23T09:42:46.920+0000] {manager.py:821} INFO - Searching for files in /opt/airflow/dags
[2025-12-23T09:42:46.941+0000] {manager.py:824} INFO - There are 0 files in /opt/airflow/dags
[2025-12-23T09:47:47.587+0000] {manager.py:821} INFO - Searching for files in /opt/airflow/dags
[2025-12-23T09:47:47.601+0000] {manager.py:824} INFO - There are 0 files in /opt/airflow/dags
[2025-12-23T09:49:57.588+0000] {manager.py:465} INFO - Exiting gracefully upon receiving signal 15
[2025-12-24T08:44:07.950+0000] {manager.py:483} INFO - Processing files using up to 2 processes at a time 
[2025-12-24T08:44:07.951+0000] {manager.py:484} INFO - Process each file at most once every 30 seconds
[2025-12-24T08:44:07.951+0000] {manager.py:485} INFO - Checking for new files in /opt/airflow/dags every 300 seconds
[2025-12-24T08:44:07.951+0000] {manager.py:821} INFO - Searching for files in /opt/airflow/dags
[2025-12-24T08:44:07.952+0000] {manager.py:824} INFO - There are 0 files in /opt/airflow/dags
[2025-12-24T08:49:08.266+0000] {manager.py:821} INFO - Searching for files in /opt/airflow/dags
[2025-12-24T08:49:08.272+0000] {manager.py:824} INFO - There are 0 files in /opt/airflow/dags
[2025-12-24T08:54:08.841+0000] {manager.py:821} INFO - Searching for files in /opt/airflow/dags
[2025-12-24T08:54:08.845+0000] {manager.py:824} INFO - There are 0 files in /opt/airflow/dags
[2025-12-24T08:59:09.205+0000] {manager.py:821} INFO - Searching for files in /opt/airflow/dags
[2025-12-24T08:59:09.211+0000] {manager.py:824} INFO - There are 0 files in /opt/airflow/dags
[2025-12-24T09:04:09.676+0000] {manager.py:821} INFO - Searching for files in /opt/airflow/dags
[2025-12-24T09:04:09.682+0000] {manager.py:824} INFO - There are 0 files in /opt/airflow/dags
[2025-12-24T09:24:04.430+0000] {manager.py:821} INFO - Searching for files in /opt/airflow/dags
[2025-12-24T09:24:04.432+0000] {manager.py:824} INFO - There are 0 files in /opt/airflow/dags
[2025-12-24T09:32:20.263+0000] {manager.py:821} INFO - Searching for files in /opt/airflow/dags
[2025-12-24T09:32:20.267+0000] {manager.py:824} INFO - There are 0 files in /opt/airflow/dags
[2025-12-24T09:37:20.757+0000] {manager.py:821} INFO - Searching for files in /opt/airflow/dags
[2025-12-24T09:37:20.759+0000] {manager.py:824} INFO - There are 0 files in /opt/airflow/dags
[2025-12-24T09:42:21.464+0000] {manager.py:821} INFO - Searching for files in /opt/airflow/dags
[2025-12-24T09:42:21.470+0000] {manager.py:824} INFO - There are 0 files in /opt/airflow/dags
[2025-12-24T09:47:22.159+0000] {manager.py:821} INFO - Searching for files in /opt/airflow/dags
[2025-12-24T09:47:22.164+0000] {manager.py:824} INFO - There are 0 files in /opt/airflow/dags
[2025-12-24T09:52:22.633+0000] {manager.py:821} INFO - Searching for files in /opt/airflow/dags
[2025-12-24T09:52:22.640+0000] {manager.py:824} INFO - There are 0 files in /opt/airflow/dags
[2025-12-24T09:57:23.146+0000] {manager.py:821} INFO - Searching for files in /opt/airflow/dags
[2025-12-24T09:57:23.149+0000] {manager.py:824} INFO - There are 0 files in /opt/airflow/dags
[2025-12-24T10:02:23.910+0000] {manager.py:821} INFO - Searching for files in /opt/airflow/dags
[2025-12-24T10:02:23.914+0000] {manager.py:824} INFO - There are 0 files in /opt/airflow/dags
[2025-12-24T10:22:19.512+0000] {manager.py:821} INFO - Searching for files in /opt/airflow/dags
[2025-12-24T10:22:19.517+0000] {manager.py:824} INFO - There are 0 files in /opt/airflow/dags
[2025-12-24T10:27:48.193+0000] {manager.py:821} INFO - Searching for files in /opt/airflow/dags
[2025-12-24T10:27:48.196+0000] {manager.py:824} INFO - There are 0 files in /opt/airflow/dags
[2025-12-24T10:32:48.988+0000] {manager.py:821} INFO - Searching for files in /opt/airflow/dags
[2025-12-24T10:32:48.995+0000] {manager.py:824} INFO - There are 0 files in /opt/airflow/dags
[2025-12-24T10:37:49.522+0000] {manager.py:821} INFO - Searching for files in /opt/airflow/dags
[2025-12-24T10:37:49.526+0000] {manager.py:824} INFO - There are 0 files in /opt/airflow/dags
[2025-12-24T10:42:49.817+0000] {manager.py:821} INFO - Searching for files in /opt/airflow/dags
[2025-12-24T10:42:49.823+0000] {manager.py:824} INFO - There are 0 files in /opt/airflow/dags
[2025-12-24T10:47:50.168+0000] {manager.py:821} INFO - Searching for files in /opt/airflow/dags
[2025-12-24T10:47:50.171+0000] {manager.py:824} INFO - There are 0 files in /opt/airflow/dags
[2025-12-24T10:52:51.065+0000] {manager.py:821} INFO - Searching for files in /opt/airflow/dags
[2025-12-24T10:52:51.069+0000] {manager.py:824} INFO - There are 0 files in /opt/airflow/dags
[2025-12-24T10:57:51.861+0000] {manager.py:821} INFO - Searching for files in /opt/airflow/dags
[2025-12-24T10:57:51.867+0000] {manager.py:824} INFO - There are 0 files in /opt/airflow/dags
[2025-12-24T11:02:52.589+0000] {manager.py:821} INFO - Searching for files in /opt/airflow/dags
[2025-12-24T11:02:52.593+0000] {manager.py:824} INFO - There are 0 files in /opt/airflow/dags
[2025-12-24T11:07:53.054+0000] {manager.py:821} INFO - Searching for files in /opt/airflow/dags
[2025-12-24T11:07:53.057+0000] {manager.py:824} INFO - There are 0 files in /opt/airflow/dags
[2025-12-24T11:12:53.453+0000] {manager.py:821} INFO - Searching for files in /opt/airflow/dags
[2025-12-24T11:12:53.455+0000] {manager.py:824} INFO - There are 0 files in /opt/airflow/dags
[2025-12-24T11:17:53.928+0000] {manager.py:821} INFO - Searching for files in /opt/airflow/dags
[2025-12-24T11:17:53.930+0000] {manager.py:824} INFO - There are 0 files in /opt/airflow/dags
[2025-12-24T11:20:15.555+0000] {manager.py:465} INFO - Exiting gracefully upon receiving signal 15
[2025-12-24T12:26:25.321+0000] {manager.py:483} INFO - Processing files using up to 2 processes at a time 
[2025-12-24T12:26:25.322+0000] {manager.py:484} INFO - Process each file at most once every 30 seconds
[2025-12-24T12:26:25.322+0000] {manager.py:485} INFO - Checking for new files in /opt/airflow/dags every 300 seconds
[2025-12-24T12:26:25.322+0000] {manager.py:821} INFO - Searching for files in /opt/airflow/dags
[2025-12-24T12:26:25.324+0000] {manager.py:824} INFO - There are 0 files in /opt/airflow/dags
[2025-12-24T12:31:25.859+0000] {manager.py:821} INFO - Searching for files in /opt/airflow/dags
[2025-12-24T12:31:25.862+0000] {manager.py:824} INFO - There are 0 files in /opt/airflow/dags
[2025-12-24T12:36:26.618+0000] {manager.py:821} INFO - Searching for files in /opt/airflow/dags
[2025-12-24T12:36:26.620+0000] {manager.py:824} INFO - There are 0 files in /opt/airflow/dags
[2025-12-24T12:37:13.338+0000] {manager.py:465} INFO - Exiting gracefully upon receiving signal 15
[2025-12-24T12:56:52.577+0000] {manager.py:483} INFO - Processing files using up to 2 processes at a time 
[2025-12-24T12:56:52.577+0000] {manager.py:484} INFO - Process each file at most once every 30 seconds
[2025-12-24T12:56:52.578+0000] {manager.py:485} INFO - Checking for new files in /opt/airflow/dags every 300 seconds
[2025-12-24T12:56:52.578+0000] {manager.py:821} INFO - Searching for files in /opt/airflow/dags
[2025-12-24T12:56:52.580+0000] {manager.py:824} INFO - There are 0 files in /opt/airflow/dags
[2025-12-24T13:01:53.150+0000] {manager.py:821} INFO - Searching for files in /opt/airflow/dags
[2025-12-24T13:01:53.155+0000] {manager.py:824} INFO - There are 0 files in /opt/airflow/dags
[2025-12-24T13:06:53.958+0000] {manager.py:821} INFO - Searching for files in /opt/airflow/dags
[2025-12-24T13:06:53.960+0000] {manager.py:824} INFO - There are 0 files in /opt/airflow/dags
[2025-12-24T13:11:54.401+0000] {manager.py:821} INFO - Searching for files in /opt/airflow/dags
[2025-12-24T13:11:54.408+0000] {manager.py:824} INFO - There are 0 files in /opt/airflow/dags
[2025-12-24T13:16:55.226+0000] {manager.py:821} INFO - Searching for files in /opt/airflow/dags
[2025-12-24T13:16:55.232+0000] {manager.py:824} INFO - There are 0 files in /opt/airflow/dags
[2025-12-24T13:21:55.902+0000] {manager.py:821} INFO - Searching for files in /opt/airflow/dags
[2025-12-24T13:21:55.903+0000] {manager.py:824} INFO - There are 0 files in /opt/airflow/dags
[2025-12-24T13:26:56.817+0000] {manager.py:821} INFO - Searching for files in /opt/airflow/dags
[2025-12-24T13:26:56.822+0000] {manager.py:824} INFO - There are 0 files in /opt/airflow/dags
[2025-12-24T13:31:56.824+0000] {manager.py:821} INFO - Searching for files in /opt/airflow/dags
[2025-12-24T13:31:56.826+0000] {manager.py:824} INFO - There are 0 files in /opt/airflow/dags
[2025-12-24T13:36:57.411+0000] {manager.py:821} INFO - Searching for files in /opt/airflow/dags
[2025-12-24T13:36:57.415+0000] {manager.py:824} INFO - There are 0 files in /opt/airflow/dags
[2025-12-24T13:41:58.353+0000] {manager.py:821} INFO - Searching for files in /opt/airflow/dags
[2025-12-24T13:41:58.357+0000] {manager.py:824} INFO - There are 0 files in /opt/airflow/dags
[2025-12-24T13:46:59.129+0000] {manager.py:821} INFO - Searching for files in /opt/airflow/dags
[2025-12-24T13:46:59.131+0000] {manager.py:824} INFO - There are 0 files in /opt/airflow/dags
[2025-12-24T13:51:59.804+0000] {manager.py:821} INFO - Searching for files in /opt/airflow/dags
[2025-12-24T13:51:59.809+0000] {manager.py:824} INFO - There are 0 files in /opt/airflow/dags
[2025-12-24T13:57:00.362+0000] {manager.py:821} INFO - Searching for files in /opt/airflow/dags
[2025-12-24T13:57:00.371+0000] {manager.py:824} INFO - There are 0 files in /opt/airflow/dags
[2025-12-24T14:02:01.130+0000] {manager.py:821} INFO - Searching for files in /opt/airflow/dags
[2025-12-24T14:02:01.139+0000] {manager.py:824} INFO - There are 0 files in /opt/airflow/dags
[2025-12-24T14:07:02.046+0000] {manager.py:821} INFO - Searching for files in /opt/airflow/dags
[2025-12-24T14:07:02.049+0000] {manager.py:824} INFO - There are 0 files in /opt/airflow/dags
[2025-12-24T14:12:02.057+0000] {manager.py:821} INFO - Searching for files in /opt/airflow/dags
[2025-12-24T14:12:02.059+0000] {manager.py:824} INFO - There are 0 files in /opt/airflow/dags
[2025-12-24T14:17:02.868+0000] {manager.py:821} INFO - Searching for files in /opt/airflow/dags
[2025-12-24T14:17:02.871+0000] {manager.py:824} INFO - There are 0 files in /opt/airflow/dags
[2025-12-24T14:22:03.311+0000] {manager.py:821} INFO - Searching for files in /opt/airflow/dags
[2025-12-24T14:22:03.317+0000] {manager.py:824} INFO - There are 0 files in /opt/airflow/dags
[2025-12-24T14:27:03.731+0000] {manager.py:821} INFO - Searching for files in /opt/airflow/dags
[2025-12-24T14:27:03.736+0000] {manager.py:824} INFO - There are 0 files in /opt/airflow/dags
[2025-12-24T14:32:04.568+0000] {manager.py:821} INFO - Searching for files in /opt/airflow/dags
[2025-12-24T14:32:04.571+0000] {manager.py:824} INFO - There are 0 files in /opt/airflow/dags
[2025-12-24T14:37:05.143+0000] {manager.py:821} INFO - Searching for files in /opt/airflow/dags
[2025-12-24T14:37:05.152+0000] {manager.py:824} INFO - There are 0 files in /opt/airflow/dags
[2025-12-24T14:42:05.641+0000] {manager.py:821} INFO - Searching for files in /opt/airflow/dags
[2025-12-24T14:42:05.652+0000] {manager.py:824} INFO - There are 0 files in /opt/airflow/dags
[2025-12-24T14:47:05.883+0000] {manager.py:821} INFO - Searching for files in /opt/airflow/dags
[2025-12-24T14:47:05.888+0000] {manager.py:824} INFO - There are 0 files in /opt/airflow/dags
[2025-12-24T14:52:06.678+0000] {manager.py:821} INFO - Searching for files in /opt/airflow/dags
[2025-12-24T14:52:06.684+0000] {manager.py:824} INFO - There are 0 files in /opt/airflow/dags
[2025-12-24T14:57:07.565+0000] {manager.py:821} INFO - Searching for files in /opt/airflow/dags
[2025-12-24T14:57:07.570+0000] {manager.py:824} INFO - There are 0 files in /opt/airflow/dags
[2025-12-24T14:58:19.571+0000] {manager.py:465} INFO - Exiting gracefully upon receiving signal 15
[2025-12-24T15:03:45.281+0000] {manager.py:483} INFO - Processing files using up to 2 processes at a time 
[2025-12-24T15:03:45.282+0000] {manager.py:484} INFO - Process each file at most once every 30 seconds
[2025-12-24T15:03:45.283+0000] {manager.py:485} INFO - Checking for new files in /opt/airflow/dags every 300 seconds
[2025-12-24T15:03:45.283+0000] {manager.py:821} INFO - Searching for files in /opt/airflow/dags
[2025-12-24T15:03:45.285+0000] {manager.py:824} INFO - There are 0 files in /opt/airflow/dags
[2025-12-24T15:08:45.657+0000] {manager.py:821} INFO - Searching for files in /opt/airflow/dags
[2025-12-24T15:08:45.663+0000] {manager.py:824} INFO - There are 0 files in /opt/airflow/dags
[2025-12-24T15:13:46.262+0000] {manager.py:821} INFO - Searching for files in /opt/airflow/dags
[2025-12-24T15:13:46.268+0000] {manager.py:824} INFO - There are 0 files in /opt/airflow/dags
[2025-12-24T15:18:46.686+0000] {manager.py:821} INFO - Searching for files in /opt/airflow/dags
[2025-12-24T15:18:46.692+0000] {manager.py:824} INFO - There are 0 files in /opt/airflow/dags
[2025-12-24T15:23:47.166+0000] {manager.py:821} INFO - Searching for files in /opt/airflow/dags
[2025-12-24T15:23:47.169+0000] {manager.py:824} INFO - There are 0 files in /opt/airflow/dags
[2025-12-24T15:28:47.665+0000] {manager.py:821} INFO - Searching for files in /opt/airflow/dags
[2025-12-24T15:28:47.669+0000] {manager.py:824} INFO - There are 0 files in /opt/airflow/dags
