[2025-12-24T17:34:54.902+0000] {local_task_job_runner.py:123} INFO - ::group::Pre task execution logs
[2025-12-24T17:34:54.914+0000] {taskinstance.py:2614} INFO - Dependencies all met for dep_context=non-requeueable deps ti=<TaskInstance: fraud_detection_training.execute_training manual__2025-12-24T17:34:53.334019+00:00 [queued]>
[2025-12-24T17:34:54.917+0000] {taskinstance.py:2614} INFO - Dependencies all met for dep_context=requeueable deps ti=<TaskInstance: fraud_detection_training.execute_training manual__2025-12-24T17:34:53.334019+00:00 [queued]>
[2025-12-24T17:34:54.918+0000] {taskinstance.py:2867} INFO - Starting attempt 1 of 1
[2025-12-24T17:34:54.923+0000] {taskinstance.py:2890} INFO - Executing <Task(PythonOperator): execute_training> on 2025-12-24 17:34:53.334019+00:00
[2025-12-24T17:34:54.926+0000] {warnings.py:112} WARNING - /home/***/.local/lib/python3.12/site-packages/***/task/task_runner/standard_task_runner.py:70: DeprecationWarning: This process (pid=2169) is multi-threaded, use of fork() may lead to deadlocks in the child.
  pid = os.fork()

[2025-12-24T17:34:54.926+0000] {standard_task_runner.py:72} INFO - Started process 2170 to run task
[2025-12-24T17:34:54.927+0000] {standard_task_runner.py:104} INFO - Running: ['***', 'tasks', 'run', 'fraud_detection_training', 'execute_training', 'manual__2025-12-24T17:34:53.334019+00:00', '--job-id', '63', '--raw', '--subdir', 'DAGS_FOLDER/fraud_detection_training_dag.py', '--cfg-path', '/tmp/tmp8vww2ehw']
[2025-12-24T17:34:54.928+0000] {standard_task_runner.py:105} INFO - Job 63: Subtask execute_training
[2025-12-24T17:34:54.950+0000] {task_command.py:467} INFO - Running <TaskInstance: fraud_detection_training.execute_training manual__2025-12-24T17:34:53.334019+00:00 [running]> on host b5b172c1d998
[2025-12-24T17:34:54.989+0000] {taskinstance.py:3134} INFO - Exporting env vars: AIRFLOW_CTX_DAG_OWNER='chaukydang' AIRFLOW_CTX_DAG_ID='fraud_detection_training' AIRFLOW_CTX_TASK_ID='execute_training' AIRFLOW_CTX_EXECUTION_DATE='2025-12-24T17:34:53.334019+00:00' AIRFLOW_CTX_TRY_NUMBER='1' AIRFLOW_CTX_DAG_RUN_ID='manual__2025-12-24T17:34:53.334019+00:00'
[2025-12-24T17:34:54.989+0000] {taskinstance.py:732} INFO - ::endgroup::
[2025-12-24T17:34:55.640+0000] {fraud_detection_training_dag.py:32} INFO - Initializing fraud detection training
[2025-12-24T17:34:55.643+0000] {fraud_detection_training.py:45} INFO - Configuration loaded successfully
[2025-12-24T17:34:55.722+0000] {fraud_detection_training.py:76} INFO - Minio connection verified. Buckets: ['mlflow']
[2025-12-24T17:34:56.090+0000] {logging_mixin.py:190} WARNING - 2025/12/24 17:34:56 INFO mlflow.tracking.fluent: Experiment with name 'fraud_detection' does not exist. Creating a new experiment.
[2025-12-24T17:34:56.188+0000] {python.py:240} INFO - Done. Returned value was: {'status': 'success'}
[2025-12-24T17:34:56.289+0000] {taskinstance.py:341} INFO - ::group::Post task execution logs
[2025-12-24T17:34:56.290+0000] {taskinstance.py:353} INFO - Marking task as SUCCESS. dag_id=fraud_detection_training, task_id=execute_training, run_id=manual__2025-12-24T17:34:53.334019+00:00, execution_date=20251224T173453, start_date=20251224T173454, end_date=20251224T173456
[2025-12-24T17:34:56.350+0000] {local_task_job_runner.py:266} INFO - Task exited with return code 0
[2025-12-24T17:34:56.360+0000] {taskinstance.py:3901} INFO - 1 downstream tasks scheduled from follow-on schedule check
[2025-12-24T17:34:56.361+0000] {local_task_job_runner.py:245} INFO - ::endgroup::
